Using pre-set license
Built from '2020.3/release' branch; Version is '2020.3.2f1 (8fd9074bf66c) revision 9427207'; Using compiler version '192528614'; Build Type 'Release'
OS: 'Windows 10 Home; OS build 19043.1586; Version 2009; 64bit' Language: 'es' Physical Memory: 32638 MB
BatchMode: 1, IsHumanControllingUs: 0, StartBugReporterOnCrash: 0, Is64bit: 1, IsPro: 0

 COMMAND LINE ARGUMENTS:
C:\Program Files\Unity\Hub\Editor\2020.3.2f1\Editor\Unity.exe
-adb2
-batchMode
-noUpm
-name
AssetImportWorker0
-projectPath
D:/Datos/Ideando/Desarrollo/Unity/IaEnVideojuegos/Walkers04Ia/Walkers_06
-logFile
Logs/AssetImportWorker0.log
-srvPort
54315
Successfully changed project path to: D:/Datos/Ideando/Desarrollo/Unity/IaEnVideojuegos/Walkers04Ia/Walkers_06
D:/Datos/Ideando/Desarrollo/Unity/IaEnVideojuegos/Walkers04Ia/Walkers_06
Using Asset Import Pipeline V2.
Refreshing native plugins compatible for Editor in 68.52 ms, found 0 plugins.
Preloading 0 native plugins for Editor in 0.00 ms.
Initialize engine version: 2020.3.2f1 (8fd9074bf66c)
[Subsystems] Discovering subsystems at path C:/Program Files/Unity/Hub/Editor/2020.3.2f1/Editor/Data/Resources/UnitySubsystems
[Subsystems] Discovering subsystems at path D:/Datos/Ideando/Desarrollo/Unity/IaEnVideojuegos/Walkers04Ia/Walkers_06/Assets
GfxDevice: creating device client; threaded=0
Direct3D:
    Version:  Direct3D 11.0 [level 11.1]
    Renderer: Intel(R) UHD Graphics 620 (ID=0x3ea0)
    Vendor:   
    VRAM:     16319 MB
    Driver:   30.0.100.9864
Initialize mono
Mono path[0] = 'C:/Program Files/Unity/Hub/Editor/2020.3.2f1/Editor/Data/Managed'
Mono path[1] = 'C:/Program Files/Unity/Hub/Editor/2020.3.2f1/Editor/Data/MonoBleedingEdge/lib/mono/unityjit'
Mono config path = 'C:/Program Files/Unity/Hub/Editor/2020.3.2f1/Editor/Data/MonoBleedingEdge/etc'
Using monoOptions --debugger-agent=transport=dt_socket,embedding=1,server=y,suspend=n,address=127.0.0.1:56720
Begin MonoManager ReloadAssembly
Registering precompiled unity dll's ...
Register platform support module: C:/Program Files/Unity/Hub/Editor/2020.3.2f1/Editor/Data/PlaybackEngines/WebGLSupport/UnityEditor.WebGL.Extensions.dll
Register platform support module: C:/Program Files/Unity/Hub/Editor/2020.3.2f1/Editor/Data/PlaybackEngines/WindowsStandaloneSupport/UnityEditor.WindowsStandalone.Extensions.dll
Registered in 0.005677 seconds.
Native extension for WindowsStandalone target not found
Native extension for WebGL target not found
Refreshing native plugins compatible for Editor in 48.85 ms, found 0 plugins.
Preloading 0 native plugins for Editor in 0.00 ms.
Invoked RoslynAnalysisRunner static constructor.
RoslynAnalysisRunner will not be running.
RoslynAnalysisRunner has terminated.
Mono: successfully reloaded assembly
- Completed reload, in  4.116 seconds
Platform modules already initialized, skipping
Registering precompiled user dll's ...
Registered in 0.002119 seconds.
Begin MonoManager ReloadAssembly
Native extension for WindowsStandalone target not found
Native extension for WebGL target not found
Refreshing native plugins compatible for Editor in 0.53 ms, found 0 plugins.
Preloading 0 native plugins for Editor in 0.00 ms.
Invoked RoslynAnalysisRunner static constructor.
RoslynAnalysisRunner will not be running.
RoslynAnalysisRunner has terminated.
Mono: successfully reloaded assembly
- Completed reload, in  1.583 seconds
Platform modules already initialized, skipping
========================================================================
Worker process is ready to serve import requests
Launched and connected shader compiler UnityShaderCompiler.exe after 0.09 seconds
Refreshing native plugins compatible for Editor in 0.51 ms, found 0 plugins.
Preloading 0 native plugins for Editor in 0.00 ms.
Unloading 1430 Unused Serialized files (Serialized files now loaded: 0)
System memory in use before: 65.6 MB.
System memory in use after: 65.7 MB.

Unloading 33 unused Assets to reduce memory usage. Loaded Objects now: 1863.
Total: 2.908700 ms (FindLiveObjects: 0.235400 ms CreateObjectMapping: 0.091000 ms MarkObjects: 2.465700 ms  DeleteObjects: 0.115200 ms)

========================================================================
Received Import Request.
  path: Assets/Prefads/Team/Scripts/AI Scripts/ScPlayerAI_Far.cs
  artifactKey: Guid(39472b128c8554d489dcb3ba6e292a3e) Importer(815301076,1909f56bfc062723c751e8b465ee728b)
Start importing Assets/Prefads/Team/Scripts/AI Scripts/ScPlayerAI_Far.cs using Guid(39472b128c8554d489dcb3ba6e292a3e) Importer(815301076,1909f56bfc062723c751e8b465ee728b)  -> (artifact id: 'fefc9c0d061d81204cf5d45c33f8c0aa') in 0.108123 seconds
  Import took 0.112749 seconds .

========================================================================
Received Prepare
Registering precompiled user dll's ...
Registered in 0.001609 seconds.
Begin MonoManager ReloadAssembly
Native extension for WindowsStandalone target not found
Native extension for WebGL target not found
Refreshing native plugins compatible for Editor in 0.85 ms, found 0 plugins.
Preloading 0 native plugins for Editor in 0.00 ms.
Invoked RoslynAnalysisRunner static constructor.
RoslynAnalysisRunner will not be running.
RoslynAnalysisRunner has terminated.
Mono: successfully reloaded assembly
- Completed reload, in  1.599 seconds
Platform modules already initialized, skipping
Refreshing native plugins compatible for Editor in 0.75 ms, found 0 plugins.
Preloading 0 native plugins for Editor in 0.00 ms.
Unloading 1424 Unused Serialized files (Serialized files now loaded: 0)
System memory in use before: 65.4 MB.
System memory in use after: 65.6 MB.

Unloading 24 unused Assets to reduce memory usage. Loaded Objects now: 1866.
Total: 3.098800 ms (FindLiveObjects: 0.235200 ms CreateObjectMapping: 0.083500 ms MarkObjects: 2.739000 ms  DeleteObjects: 0.039200 ms)

========================================================================
Received Import Request.
  Time since last request: 442.934752 seconds.
  path: Assets/Prefads/Team/Scripts/AI Scripts/ScTeamAI_Near.cs
  artifactKey: Guid(2b51671a519f43846a272fa690272135) Importer(815301076,1909f56bfc062723c751e8b465ee728b)
Start importing Assets/Prefads/Team/Scripts/AI Scripts/ScTeamAI_Near.cs using Guid(2b51671a519f43846a272fa690272135) Importer(815301076,1909f56bfc062723c751e8b465ee728b)  -> (artifact id: 'b0606b4afbceb734724f6969225db600') in 0.016866 seconds
  Import took 0.022450 seconds .

AssetImportWorkerClient::OnTransportError - code=2 error=End of file
